<?xml version="1.0" encoding="UTF-8"?>
<testsuite xmlns:xsi="http://www.w3.org/2001/XMLSchema-instance" xsi:noNamespaceSchemaLocation="https://maven.apache.org/surefire/maven-surefire-plugin/xsd/surefire-test-report.xsd" version="3.0.2" name="io.spring.demo.authserver.AuthServerApplicationTests" time="6.16" tests="1" errors="0" skipped="0" failures="0">
  <properties>
[...]
</properties>
  <testcase name="contextLoads" classname="io.spring.demo.authserver.AuthServerApplicationTests" time="0.775">
    <system-out><![CDATA[14:54:51.976 [main] INFO org.springframework.test.context.support.AnnotationConfigContextLoaderUtils -- Could not detect default configuration classes for test class [io.spring.demo.authserver.AuthServerApplicationTests]: AuthServerApplicationTests does not declare any static, non-private, non-final, nested classes annotated with @Configuration.
14:54:52.125 [main] INFO org.springframework.boot.test.context.SpringBootTestContextBootstrapper -- Found @SpringBootConfiguration io.spring.demo.authserver.AuthServerApplication for test class io.spring.demo.authserver.AuthServerApplicationTests

  .   ____          _            __ _ _
 /\\ / ___'_ __ _ _(_)_ __  __ _ \ \ \ \
( ( )\___ | '_ | '_| | '_ \/ _` | \ \ \ \
 \\/  ___)| |_)| | | | | || (_| |  ) ) ) )
  '  |____| .__|_| |_|_| |_\__, | / / / /
 =========|_|==============|___/=/_/_/_/

 :: Spring Boot ::                (v3.4.3)

2026-03-14 14:54:52 [main] INFO  i.s.d.a.AuthServerApplicationTests - Starting AuthServerApplicationTests using Java 17.0.18 with PID 4262 (started by runner in /home/runner/work/spring-io-secure-by-default/spring-io-secure-by-default/auth-server)
2026-03-14 14:54:52 [main] DEBUG i.s.d.a.AuthServerApplicationTests - Running with Spring Boot v3.4.3, Spring v6.2.3
2026-03-14 14:54:52 [main] INFO  i.s.d.a.AuthServerApplicationTests - The following 1 profile is active: "test"
2026-03-14 14:54:54 [main] INFO  o.s.b.w.e.tomcat.TomcatWebServer - Tomcat initialized with port 0 (http)
2026-03-14 14:54:54 [main] INFO  o.a.catalina.core.StandardService - Starting service [Tomcat]
2026-03-14 14:54:54 [main] INFO  o.a.catalina.core.StandardEngine - Starting Servlet engine: [Apache Tomcat/10.1.36]
2026-03-14 14:54:54 [main] INFO  o.a.c.c.C.[Tomcat].[localhost].[/] - Initializing Spring embedded WebApplicationContext
2026-03-14 14:54:54 [main] INFO  o.s.b.w.s.c.ServletWebServerApplicationContext - Root WebApplicationContext: initialization completed in 1784 ms
2026-03-14 14:54:55 [main] INFO  o.s.s.c.a.a.c.InitializeUserDetailsBeanManagerConfigurer$InitializeUserDetailsManagerConfigurer - Global AuthenticationManager configured with UserDetailsService bean with name userDetailsService
2026-03-14 14:54:55 [main] INFO  o.s.b.a.e.web.EndpointLinksResolver - Exposing 3 endpoints beneath base path '/actuator'
2026-03-14 14:54:56 [main] DEBUG o.s.s.web.DefaultSecurityFilterChain - Will secure org.springframework.security.oauth2.server.authorization.config.annotation.web.configurers.OAuth2AuthorizationServerConfigurer$$Lambda$1346/0x00007fa9985236f0@1aed6f0b with filters: DisableEncodeUrlFilter, WebAsyncManagerIntegrationFilter, SecurityContextHolderFilter, AuthorizationServerContextFilter, HeaderWriterFilter, CsrfFilter, OidcLogoutEndpointFilter, LogoutFilter, OAuth2AuthorizationServerMetadataEndpointFilter, OAuth2AuthorizationEndpointFilter, OAuth2DeviceVerificationEndpointFilter, OidcProviderConfigurationEndpointFilter, NimbusJwkSetEndpointFilter, OAuth2ClientAuthenticationFilter, BearerTokenAuthenticationFilter, RequestCacheAwareFilter, SecurityContextHolderAwareRequestFilter, AnonymousAuthenticationFilter, ExceptionTranslationFilter, AuthorizationFilter, OAuth2TokenEndpointFilter, OAuth2TokenIntrospectionEndpointFilter, OAuth2TokenRevocationEndpointFilter, OAuth2DeviceAuthorizationEndpointFilter, OidcUserInfoEndpointFilter
2026-03-14 14:54:56 [main] DEBUG o.s.s.web.DefaultSecurityFilterChain - Will secure any request with filters: DisableEncodeUrlFilter, WebAsyncManagerIntegrationFilter, SecurityContextHolderFilter, HeaderWriterFilter, CsrfFilter, LogoutFilter, UsernamePasswordAuthenticationFilter, RequestCacheAwareFilter, SecurityContextHolderAwareRequestFilter, AnonymousAuthenticationFilter, ExceptionTranslationFilter, AuthorizationFilter
2026-03-14 14:54:57 [main] INFO  o.s.b.w.e.tomcat.TomcatWebServer - Tomcat started on port 34345 (http) with context path '/'
2026-03-14 14:54:57 [main] INFO  i.s.d.a.AuthServerApplicationTests - Started AuthServerApplicationTests in 4.828 seconds (process running for 5.987)
]]></system-out>
  </testcase>
</testsuite>